<?xml version="1.0" encoding="UTF-8"?>
<!-- Generated by org.testng.reporters.JUnitXMLReporter -->
<testsuite hostname="Nitesh" ignored="7" name="Default test" tests="1" failures="0" timestamp="29 Oct 2017 08:32:41 GMT" time="44.747" errors="0">
  <testcase name="Error_assertion" time="3.665" classname="com.provar.test.AccountTest"/>
  <testcase name="vfMapping" time="0.0" classname="com.provar.test.AccountTest">
    <ignored/>
  </testcase> <!-- vfMapping -->
  <testcase name="createAccount" time="0.0" classname="com.provar.test.AccountTest">
    <ignored/>
  </testcase> <!-- createAccount -->
  <testcase name="uploadFile" time="0.0" classname="com.provar.test.AccountTest">
    <ignored/>
  </testcase> <!-- uploadFile -->
  <testcase name="pageError" time="0.0" classname="com.provar.test.AccountTest">
    <ignored/>
  </testcase> <!-- pageError -->
  <testcase name="UpdateAndAssertRecord" time="0.0" classname="com.provar.test.AccountTest">
    <ignored/>
  </testcase> <!-- UpdateAndAssertRecord -->
  <testcase name="InlineAndAssert" time="0.0" classname="com.provar.test.AccountTest">
    <ignored/>
  </testcase> <!-- InlineAndAssert -->
  <testcase name="selectRecord" time="0.0" classname="com.provar.test.AccountTest">
    <ignored/>
  </testcase> <!-- selectRecord -->
</testsuite> <!-- Default test -->
