<?xml version="1.0" encoding="UTF-8"?>
<!-- Generated by org.testng.reporters.JUnitXMLReporter -->
<testsuite hostname="Nitesh" ignored="3" name="Default test" tests="1" failures="0" timestamp="09 Oct 2017 10:16:22 GMT" time="32.116" errors="0">
  <testcase name="Error_assertion" time="20.776" classname="com.provar.test.AccountTest"/>
  <testcase name="createAccount" time="0.0" classname="com.provar.test.AccountTest">
    <ignored/>
  </testcase> <!-- createAccount -->
  <testcase name="pageError" time="0.0" classname="com.provar.test.AccountTest">
    <ignored/>
  </testcase> <!-- pageError -->
  <testcase name="selectRecord" time="0.0" classname="com.provar.test.AccountTest">
    <ignored/>
  </testcase> <!-- selectRecord -->
</testsuite> <!-- Default test -->
