<?xml version="1.0" encoding="UTF-8"?>
<!-- Generated by org.testng.reporters.JUnitXMLReporter -->
<testsuite hostname="Nitesh" ignored="0" name="Test" tests="1" failures="1" timestamp="22 Sep 2017 14:08:25 GMT" time="8.127" errors="0">
  <testcase name="f" time="5.5" classname="com.provar.POM.NewTest">
    <failure type="java.lang.AssertionError" message="expected [hii] but found [hi]">
      <![CDATA[java.lang.AssertionError: expected [hii] but found [hi]
	at com.provar.POM.NewTest.f(NewTest.java:46)
... Removed 31 stack frames]]>
    </failure>
  </testcase> <!-- f -->
</testsuite> <!-- Test -->
