<?xml version="1.0" encoding="UTF-8"?>
<testng-results skipped="0" failed="0" ignored="3" total="4" passed="1">
  <reporter-output>
  </reporter-output>
  <suite name="Default suite" duration-ms="32116" started-at="2017-10-09T10:15:50Z" finished-at="2017-10-09T10:16:22Z">
    <groups>
    </groups>
    <test name="Default test" duration-ms="32116" started-at="2017-10-09T10:15:50Z" finished-at="2017-10-09T10:16:22Z">
      <class name="com.provar.test.AccountTest">
        <test-method status="PASS" signature="launchbrowser()[pri:0, instance:com.provar.test.AccountTest@548e7350]" name="launchbrowser" is-config="true" duration-ms="10600" started-at="2017-10-09T15:45:50Z" finished-at="2017-10-09T15:46:01Z">
          <reporter-output>
          </reporter-output>
        </test-method> <!-- launchbrowser -->
        <test-method status="PASS" signature="Error_assertion()[pri:0, instance:com.provar.test.AccountTest@548e7350]" name="Error_assertion" duration-ms="20776" started-at="2017-10-09T15:46:01Z" finished-at="2017-10-09T15:46:22Z">
          <reporter-output>
          </reporter-output>
        </test-method> <!-- Error_assertion -->
        <test-method status="PASS" signature="close_browser()[pri:0, instance:com.provar.test.AccountTest@548e7350]" name="close_browser" is-config="true" duration-ms="722" started-at="2017-10-09T15:46:22Z" finished-at="2017-10-09T15:46:22Z">
          <reporter-output>
          </reporter-output>
        </test-method> <!-- close_browser -->
      </class> <!-- com.provar.test.AccountTest -->
    </test> <!-- Default test -->
  </suite> <!-- Default suite -->
</testng-results>
