<?xml version="1.0" encoding="UTF-8"?>
<testng-results skipped="0" failed="1" ignored="0" total="15" passed="14">
  <reporter-output>
  </reporter-output>
  <suite name="Suite" duration-ms="871654" started-at="2017-10-29T08:34:43Z" finished-at="2017-10-29T08:49:14Z">
    <groups>
    </groups>
    <test name="Test" duration-ms="871654" started-at="2017-10-29T08:34:43Z" finished-at="2017-10-29T08:49:14Z">
      <class name="com.provar.test.AccountTest">
        <test-method status="PASS" signature="launchbrowser()[pri:0, instance:com.provar.test.AccountTest@7494e528]" name="launchbrowser" is-config="true" duration-ms="15404" started-at="2017-10-29T14:04:43Z" finished-at="2017-10-29T14:04:58Z">
          <reporter-output>
          </reporter-output>
        </test-method> <!-- launchbrowser -->
        <test-method status="PASS" signature="Error_assertion()[pri:0, instance:com.provar.test.AccountTest@7494e528]" name="Error_assertion" duration-ms="16305" started-at="2017-10-29T14:04:58Z" description="Error_assertion" finished-at="2017-10-29T14:05:14Z">
          <reporter-output>
          </reporter-output>
        </test-method> <!-- Error_assertion -->
        <test-method status="PASS" signature="close_browser()[pri:0, instance:com.provar.test.AccountTest@7494e528]" name="close_browser" is-config="true" duration-ms="687" started-at="2017-10-29T14:05:14Z" finished-at="2017-10-29T14:05:15Z">
          <reporter-output>
          </reporter-output>
        </test-method> <!-- close_browser -->
        <test-method status="PASS" signature="launchbrowser()[pri:0, instance:com.provar.test.AccountTest@7494e528]" name="launchbrowser" is-config="true" duration-ms="14261" started-at="2017-10-29T14:05:15Z" finished-at="2017-10-29T14:05:29Z">
          <reporter-output>
          </reporter-output>
        </test-method> <!-- launchbrowser -->
        <test-method status="PASS" signature="createAccount()[pri:0, instance:com.provar.test.AccountTest@7494e528]" name="createAccount" duration-ms="31316" started-at="2017-10-29T14:05:29Z" description="createAccount" finished-at="2017-10-29T14:06:01Z">
          <reporter-output>
          </reporter-output>
        </test-method> <!-- createAccount -->
        <test-method status="PASS" signature="close_browser()[pri:0, instance:com.provar.test.AccountTest@7494e528]" name="close_browser" is-config="true" duration-ms="721" started-at="2017-10-29T14:06:01Z" finished-at="2017-10-29T14:06:01Z">
          <reporter-output>
          </reporter-output>
        </test-method> <!-- close_browser -->
        <test-method status="PASS" signature="launchbrowser()[pri:0, instance:com.provar.test.AccountTest@7494e528]" name="launchbrowser" is-config="true" duration-ms="14607" started-at="2017-10-29T14:06:01Z" finished-at="2017-10-29T14:06:16Z">
          <reporter-output>
          </reporter-output>
        </test-method> <!-- launchbrowser -->
        <test-method status="PASS" signature="pageError()[pri:0, instance:com.provar.test.AccountTest@7494e528]" name="pageError" duration-ms="21732" started-at="2017-10-29T14:06:16Z" description="pageError" finished-at="2017-10-29T14:06:38Z">
          <reporter-output>
          </reporter-output>
        </test-method> <!-- pageError -->
        <test-method status="PASS" signature="close_browser()[pri:0, instance:com.provar.test.AccountTest@7494e528]" name="close_browser" is-config="true" duration-ms="691" started-at="2017-10-29T14:06:38Z" finished-at="2017-10-29T14:06:38Z">
          <reporter-output>
          </reporter-output>
        </test-method> <!-- close_browser -->
        <test-method status="PASS" signature="launchbrowser()[pri:0, instance:com.provar.test.AccountTest@7494e528]" name="launchbrowser" is-config="true" duration-ms="15855" started-at="2017-10-29T14:06:38Z" finished-at="2017-10-29T14:06:54Z">
          <reporter-output>
          </reporter-output>
        </test-method> <!-- launchbrowser -->
        <test-method status="PASS" signature="vfMapping()[pri:0, instance:com.provar.test.AccountTest@7494e528]" name="vfMapping" duration-ms="28897" started-at="2017-10-29T14:06:54Z" finished-at="2017-10-29T14:07:23Z">
          <reporter-output>
          </reporter-output>
        </test-method> <!-- vfMapping -->
        <test-method status="PASS" signature="close_browser()[pri:0, instance:com.provar.test.AccountTest@7494e528]" name="close_browser" is-config="true" duration-ms="755" started-at="2017-10-29T14:07:23Z" finished-at="2017-10-29T14:07:24Z">
          <reporter-output>
          </reporter-output>
        </test-method> <!-- close_browser -->
        <test-method status="PASS" signature="launchbrowser()[pri:0, instance:com.provar.test.AccountTest@7494e528]" name="launchbrowser" is-config="true" duration-ms="15111" started-at="2017-10-29T14:07:24Z" finished-at="2017-10-29T14:07:39Z">
          <reporter-output>
          </reporter-output>
        </test-method> <!-- launchbrowser -->
        <test-method status="PASS" signature="InlineAndAssert()[pri:0, instance:com.provar.test.AccountTest@7494e528]" name="InlineAndAssert" duration-ms="70617" started-at="2017-10-29T14:07:39Z" depends-on-methods="com.provar.test.AccountTest.createAccount" finished-at="2017-10-29T14:08:50Z">
          <reporter-output>
          </reporter-output>
        </test-method> <!-- InlineAndAssert -->
        <test-method status="PASS" signature="close_browser()[pri:0, instance:com.provar.test.AccountTest@7494e528]" name="close_browser" is-config="true" duration-ms="684" started-at="2017-10-29T14:08:50Z" finished-at="2017-10-29T14:08:50Z">
          <reporter-output>
          </reporter-output>
        </test-method> <!-- close_browser -->
        <test-method status="PASS" signature="launchbrowser()[pri:0, instance:com.provar.test.AccountTest@7494e528]" name="launchbrowser" is-config="true" duration-ms="17373" started-at="2017-10-29T14:08:50Z" finished-at="2017-10-29T14:09:08Z">
          <reporter-output>
          </reporter-output>
        </test-method> <!-- launchbrowser -->
        <test-method status="PASS" signature="UpdateAndAssertRecord()[pri:0, instance:com.provar.test.AccountTest@7494e528]" name="UpdateAndAssertRecord" duration-ms="61616" started-at="2017-10-29T14:09:08Z" depends-on-methods="com.provar.test.AccountTest.createAccount" finished-at="2017-10-29T14:10:09Z">
          <reporter-output>
          </reporter-output>
        </test-method> <!-- UpdateAndAssertRecord -->
        <test-method status="PASS" signature="close_browser()[pri:0, instance:com.provar.test.AccountTest@7494e528]" name="close_browser" is-config="true" duration-ms="739" started-at="2017-10-29T14:10:09Z" finished-at="2017-10-29T14:10:10Z">
          <reporter-output>
          </reporter-output>
        </test-method> <!-- close_browser -->
        <test-method status="PASS" signature="launchbrowser()[pri:0, instance:com.provar.test.AccountTest@7494e528]" name="launchbrowser" is-config="true" duration-ms="26226" started-at="2017-10-29T14:10:10Z" finished-at="2017-10-29T14:10:36Z">
          <reporter-output>
          </reporter-output>
        </test-method> <!-- launchbrowser -->
        <test-method status="PASS" signature="selectRecord()[pri:0, instance:com.provar.test.AccountTest@7494e528]" name="selectRecord" duration-ms="62302" started-at="2017-10-29T14:10:36Z" description="selectRecord" depends-on-methods="com.provar.test.AccountTest.createAccount" finished-at="2017-10-29T14:11:39Z">
          <reporter-output>
          </reporter-output>
        </test-method> <!-- selectRecord -->
        <test-method status="PASS" signature="close_browser()[pri:0, instance:com.provar.test.AccountTest@7494e528]" name="close_browser" is-config="true" duration-ms="746" started-at="2017-10-29T14:11:39Z" finished-at="2017-10-29T14:11:39Z">
          <reporter-output>
          </reporter-output>
        </test-method> <!-- close_browser -->
        <test-method status="PASS" signature="launchbrowser()[pri:0, instance:com.provar.test.AccountTest@7494e528]" name="launchbrowser" is-config="true" duration-ms="14353" started-at="2017-10-29T14:11:39Z" finished-at="2017-10-29T14:11:54Z">
          <reporter-output>
          </reporter-output>
        </test-method> <!-- launchbrowser -->
        <test-method status="PASS" signature="uploadFile()[pri:0, instance:com.provar.test.AccountTest@7494e528]" name="uploadFile" duration-ms="64838" started-at="2017-10-29T14:11:54Z" depends-on-methods="com.provar.test.AccountTest.createAccount" finished-at="2017-10-29T14:12:58Z">
          <reporter-output>
          </reporter-output>
        </test-method> <!-- uploadFile -->
        <test-method status="PASS" signature="close_browser()[pri:0, instance:com.provar.test.AccountTest@7494e528]" name="close_browser" is-config="true" duration-ms="773" started-at="2017-10-29T14:12:58Z" finished-at="2017-10-29T14:12:59Z">
          <reporter-output>
          </reporter-output>
        </test-method> <!-- close_browser -->
      </class> <!-- com.provar.test.AccountTest -->
      <class name="com.provar.test.AccountTestLT">
        <test-method status="PASS" signature="launchbrowser()[pri:0, instance:com.provar.test.AccountTestLT@7c29daf3]" name="launchbrowser" is-config="true" duration-ms="42039" started-at="2017-10-29T14:12:59Z" finished-at="2017-10-29T14:13:41Z">
          <reporter-output>
          </reporter-output>
        </test-method> <!-- launchbrowser -->
        <test-method status="PASS" signature="Error_assertion()[pri:0, instance:com.provar.test.AccountTestLT@7c29daf3]" name="Error_assertion" duration-ms="9951" started-at="2017-10-29T14:13:41Z" finished-at="2017-10-29T14:13:51Z">
          <reporter-output>
          </reporter-output>
        </test-method> <!-- Error_assertion -->
        <test-method status="PASS" signature="close_browser()[pri:0, instance:com.provar.test.AccountTestLT@7c29daf3]" name="close_browser" is-config="true" duration-ms="749" started-at="2017-10-29T14:13:51Z" finished-at="2017-10-29T14:13:52Z">
          <reporter-output>
          </reporter-output>
        </test-method> <!-- close_browser -->
        <test-method status="PASS" signature="launchbrowser()[pri:0, instance:com.provar.test.AccountTestLT@7c29daf3]" name="launchbrowser" is-config="true" duration-ms="23230" started-at="2017-10-29T14:13:52Z" finished-at="2017-10-29T14:14:15Z">
          <reporter-output>
          </reporter-output>
        </test-method> <!-- launchbrowser -->
        <test-method status="PASS" signature="createAccount()[pri:0, instance:com.provar.test.AccountTestLT@7c29daf3]" name="createAccount" duration-ms="29065" started-at="2017-10-29T14:14:15Z" finished-at="2017-10-29T14:14:44Z">
          <reporter-output>
          </reporter-output>
        </test-method> <!-- createAccount -->
        <test-method status="PASS" signature="close_browser()[pri:0, instance:com.provar.test.AccountTestLT@7c29daf3]" name="close_browser" is-config="true" duration-ms="729" started-at="2017-10-29T14:14:44Z" finished-at="2017-10-29T14:14:45Z">
          <reporter-output>
          </reporter-output>
        </test-method> <!-- close_browser -->
        <test-method status="PASS" signature="launchbrowser()[pri:0, instance:com.provar.test.AccountTestLT@7c29daf3]" name="launchbrowser" is-config="true" duration-ms="22255" started-at="2017-10-29T14:14:45Z" finished-at="2017-10-29T14:15:07Z">
          <reporter-output>
          </reporter-output>
        </test-method> <!-- launchbrowser -->
        <test-method status="PASS" signature="pageError()[pri:0, instance:com.provar.test.AccountTestLT@7c29daf3]" name="pageError" duration-ms="10822" started-at="2017-10-29T14:15:07Z" finished-at="2017-10-29T14:15:18Z">
          <reporter-output>
          </reporter-output>
        </test-method> <!-- pageError -->
        <test-method status="PASS" signature="close_browser()[pri:0, instance:com.provar.test.AccountTestLT@7c29daf3]" name="close_browser" is-config="true" duration-ms="755" started-at="2017-10-29T14:15:18Z" finished-at="2017-10-29T14:15:19Z">
          <reporter-output>
          </reporter-output>
        </test-method> <!-- close_browser -->
        <test-method status="PASS" signature="launchbrowser()[pri:0, instance:com.provar.test.AccountTestLT@7c29daf3]" name="launchbrowser" is-config="true" duration-ms="23228" started-at="2017-10-29T14:15:19Z" finished-at="2017-10-29T14:15:42Z">
          <reporter-output>
          </reporter-output>
        </test-method> <!-- launchbrowser -->
        <test-method status="FAIL" signature="vfMapping()[pri:0, instance:com.provar.test.AccountTestLT@7c29daf3]" name="vfMapping" duration-ms="44520" started-at="2017-10-29T14:15:42Z" finished-at="2017-10-29T14:16:27Z">
          <exception class="org.openqa.selenium.NoSuchElementException">
            <message>
              <![CDATA[no such element: Unable to locate element: {"method":"xpath","selector":"//input[@name='j_id0:j_id1:j_id2:j_id8:j_id10']"}
  (Session info: chrome=61.0.3163.100)
  (Driver info: chromedriver=2.32.498550 (9dec58e66c31bcc53a9ce3c7226f0c1c5810906a),platform=Windows NT 10.0.15063 x86_64) (WARNING: The server did not provide any stacktrace information)
Command duration or timeout: 0 milliseconds
For documentation on this error, please visit: http://seleniumhq.org/exceptions/no_such_element.html
Build info: version: '3.5.3', revision: 'a88d25fe6b', time: '2017-08-29T12:42:44.417Z'
System info: host: 'NITESH', ip: '192.168.0.100', os.name: 'Windows 10', os.arch: 'amd64', os.version: '10.0', java.version: '1.8.0_144'
Driver info: org.openqa.selenium.chrome.ChromeDriver
Capabilities [{mobileEmulationEnabled=false, hasTouchScreen=false, platform=XP, acceptSslCerts=true, webStorageEnabled=true, browserName=chrome, takesScreenshot=true, javascriptEnabled=true, platformName=XP, setWindowRect=true, unexpectedAlertBehaviour=, applicationCacheEnabled=false, rotatable=false, networkConnectionEnabled=false, chrome={chromedriverVersion=2.32.498550 (9dec58e66c31bcc53a9ce3c7226f0c1c5810906a), userDataDir=C:\Users\Provar\AppData\Local\Temp\scoped_dir11248_5937}, takesHeapSnapshot=true, pageLoadStrategy=normal, unhandledPromptBehavior=, databaseEnabled=false, handlesAlerts=true, version=61.0.3163.100, browserConnectionEnabled=false, nativeEvents=true, locationContextEnabled=true, cssSelectorsEnabled=true}]
Session ID: 3e8d119a6b86d3e8843768498538a753
*** Element info: {Using=xpath, value=//input[@name='j_id0:j_id1:j_id2:j_id8:j_id10']}]]>
            </message>
            <full-stacktrace>
              <![CDATA[org.openqa.selenium.NoSuchElementException: no such element: Unable to locate element: {"method":"xpath","selector":"//input[@name='j_id0:j_id1:j_id2:j_id8:j_id10']"}
  (Session info: chrome=61.0.3163.100)
  (Driver info: chromedriver=2.32.498550 (9dec58e66c31bcc53a9ce3c7226f0c1c5810906a),platform=Windows NT 10.0.15063 x86_64) (WARNING: The server did not provide any stacktrace information)
Command duration or timeout: 0 milliseconds
For documentation on this error, please visit: http://seleniumhq.org/exceptions/no_such_element.html
Build info: version: '3.5.3', revision: 'a88d25fe6b', time: '2017-08-29T12:42:44.417Z'
System info: host: 'NITESH', ip: '192.168.0.100', os.name: 'Windows 10', os.arch: 'amd64', os.version: '10.0', java.version: '1.8.0_144'
Driver info: org.openqa.selenium.chrome.ChromeDriver
Capabilities [{mobileEmulationEnabled=false, hasTouchScreen=false, platform=XP, acceptSslCerts=true, webStorageEnabled=true, browserName=chrome, takesScreenshot=true, javascriptEnabled=true, platformName=XP, setWindowRect=true, unexpectedAlertBehaviour=, applicationCacheEnabled=false, rotatable=false, networkConnectionEnabled=false, chrome={chromedriverVersion=2.32.498550 (9dec58e66c31bcc53a9ce3c7226f0c1c5810906a), userDataDir=C:\Users\Provar\AppData\Local\Temp\scoped_dir11248_5937}, takesHeapSnapshot=true, pageLoadStrategy=normal, unhandledPromptBehavior=, databaseEnabled=false, handlesAlerts=true, version=61.0.3163.100, browserConnectionEnabled=false, nativeEvents=true, locationContextEnabled=true, cssSelectorsEnabled=true}]
Session ID: 3e8d119a6b86d3e8843768498538a753
*** Element info: {Using=xpath, value=//input[@name='j_id0:j_id1:j_id2:j_id8:j_id10']}
	at sun.reflect.NativeConstructorAccessorImpl.newInstance0(Native Method)
	at sun.reflect.NativeConstructorAccessorImpl.newInstance(NativeConstructorAccessorImpl.java:62)
	at sun.reflect.DelegatingConstructorAccessorImpl.newInstance(DelegatingConstructorAccessorImpl.java:45)
	at java.lang.reflect.Constructor.newInstance(Constructor.java:423)
	at org.openqa.selenium.remote.ErrorHandler.createThrowable(ErrorHandler.java:215)
	at org.openqa.selenium.remote.ErrorHandler.throwIfResponseFailed(ErrorHandler.java:167)
	at org.openqa.selenium.remote.http.JsonHttpResponseCodec.reconstructValue(JsonHttpResponseCodec.java:40)
	at org.openqa.selenium.remote.http.AbstractHttpResponseCodec.decode(AbstractHttpResponseCodec.java:82)
	at org.openqa.selenium.remote.http.AbstractHttpResponseCodec.decode(AbstractHttpResponseCodec.java:45)
	at org.openqa.selenium.remote.HttpCommandExecutor.execute(HttpCommandExecutor.java:164)
	at org.openqa.selenium.remote.service.DriverCommandExecutor.execute(DriverCommandExecutor.java:82)
	at org.openqa.selenium.remote.RemoteWebDriver.execute(RemoteWebDriver.java:646)
	at org.openqa.selenium.remote.RemoteWebDriver.findElement(RemoteWebDriver.java:416)
	at org.openqa.selenium.remote.RemoteWebDriver.findElementByXPath(RemoteWebDriver.java:518)
	at org.openqa.selenium.By$ByXPath.findElement(By.java:361)
	at org.openqa.selenium.remote.RemoteWebDriver.findElement(RemoteWebDriver.java:408)
	at org.openqa.selenium.support.pagefactory.DefaultElementLocator.findElement(DefaultElementLocator.java:69)
	at org.openqa.selenium.support.pagefactory.internal.LocatingElementHandler.invoke(LocatingElementHandler.java:38)
	at com.sun.proxy.$Proxy9.sendKeys(Unknown Source)
	at com.provar.object.Vf_Only_LT.vf_mapping(Vf_Only_LT.java:33)
	at com.provar.test.AccountTestLT.vfMapping(AccountTestLT.java:114)
	at sun.reflect.NativeMethodAccessorImpl.invoke0(Native Method)
	at sun.reflect.NativeMethodAccessorImpl.invoke(NativeMethodAccessorImpl.java:62)
	at sun.reflect.DelegatingMethodAccessorImpl.invoke(DelegatingMethodAccessorImpl.java:43)
	at java.lang.reflect.Method.invoke(Method.java:498)
	at org.testng.internal.MethodInvocationHelper.invokeMethod(MethodInvocationHelper.java:108)
	at org.testng.internal.Invoker.invokeMethod(Invoker.java:661)
	at org.testng.internal.Invoker.invokeTestMethod(Invoker.java:869)
	at org.testng.internal.Invoker.invokeTestMethods(Invoker.java:1193)
	at org.testng.internal.TestMethodWorker.invokeTestMethods(TestMethodWorker.java:126)
	at org.testng.internal.TestMethodWorker.run(TestMethodWorker.java:109)
	at org.testng.TestRunner.privateRun(TestRunner.java:744)
	at org.testng.TestRunner.run(TestRunner.java:602)
	at org.testng.SuiteRunner.runTest(SuiteRunner.java:380)
	at org.testng.SuiteRunner.runSequentially(SuiteRunner.java:375)
	at org.testng.SuiteRunner.privateRun(SuiteRunner.java:340)
	at org.testng.SuiteRunner.run(SuiteRunner.java:289)
	at org.testng.SuiteRunnerWorker.runSuite(SuiteRunnerWorker.java:52)
	at org.testng.SuiteRunnerWorker.run(SuiteRunnerWorker.java:86)
	at org.testng.TestNG.runSuitesSequentially(TestNG.java:1301)
	at org.testng.TestNG.runSuitesLocally(TestNG.java:1226)
	at org.testng.TestNG.runSuites(TestNG.java:1144)
	at org.testng.TestNG.run(TestNG.java:1115)
	at org.testng.remote.AbstractRemoteTestNG.run(AbstractRemoteTestNG.java:114)
	at org.testng.remote.RemoteTestNG.initAndRun(RemoteTestNG.java:251)
	at org.testng.remote.RemoteTestNG.main(RemoteTestNG.java:77)
]]>
            </full-stacktrace>
          </exception> <!-- org.openqa.selenium.NoSuchElementException -->
          <reporter-output>
          </reporter-output>
        </test-method> <!-- vfMapping -->
        <test-method status="PASS" signature="close_browser()[pri:0, instance:com.provar.test.AccountTestLT@7c29daf3]" name="close_browser" is-config="true" duration-ms="708" started-at="2017-10-29T14:16:27Z" finished-at="2017-10-29T14:16:28Z">
          <reporter-output>
          </reporter-output>
        </test-method> <!-- close_browser -->
        <test-method status="PASS" signature="launchbrowser()[pri:0, instance:com.provar.test.AccountTestLT@7c29daf3]" name="launchbrowser" is-config="true" duration-ms="25544" started-at="2017-10-29T14:16:28Z" finished-at="2017-10-29T14:16:53Z">
          <reporter-output>
          </reporter-output>
        </test-method> <!-- launchbrowser -->
        <test-method status="PASS" signature="UpdateAndAssertRecord()[pri:0, instance:com.provar.test.AccountTestLT@7c29daf3]" name="UpdateAndAssertRecord" duration-ms="30894" started-at="2017-10-29T14:16:53Z" depends-on-methods="com.provar.test.AccountTestLT.createAccount" finished-at="2017-10-29T14:17:24Z">
          <reporter-output>
          </reporter-output>
        </test-method> <!-- UpdateAndAssertRecord -->
        <test-method status="PASS" signature="close_browser()[pri:0, instance:com.provar.test.AccountTestLT@7c29daf3]" name="close_browser" is-config="true" duration-ms="696" started-at="2017-10-29T14:17:24Z" finished-at="2017-10-29T14:17:25Z">
          <reporter-output>
          </reporter-output>
        </test-method> <!-- close_browser -->
        <test-method status="PASS" signature="launchbrowser()[pri:0, instance:com.provar.test.AccountTestLT@7c29daf3]" name="launchbrowser" is-config="true" duration-ms="40857" started-at="2017-10-29T14:17:25Z" finished-at="2017-10-29T14:18:06Z">
          <reporter-output>
          </reporter-output>
        </test-method> <!-- launchbrowser -->
        <test-method status="PASS" signature="selectRecord()[pri:0, instance:com.provar.test.AccountTestLT@7c29daf3]" name="selectRecord" duration-ms="15234" started-at="2017-10-29T14:18:06Z" depends-on-methods="com.provar.test.AccountTestLT.createAccount" finished-at="2017-10-29T14:18:21Z">
          <reporter-output>
          </reporter-output>
        </test-method> <!-- selectRecord -->
        <test-method status="PASS" signature="close_browser()[pri:0, instance:com.provar.test.AccountTestLT@7c29daf3]" name="close_browser" is-config="true" duration-ms="711" started-at="2017-10-29T14:18:21Z" finished-at="2017-10-29T14:18:22Z">
          <reporter-output>
          </reporter-output>
        </test-method> <!-- close_browser -->
        <test-method status="PASS" signature="launchbrowser()[pri:0, instance:com.provar.test.AccountTestLT@7c29daf3]" name="launchbrowser" is-config="true" duration-ms="23788" started-at="2017-10-29T14:18:22Z" finished-at="2017-10-29T14:18:45Z">
          <reporter-output>
          </reporter-output>
        </test-method> <!-- launchbrowser -->
        <test-method status="PASS" signature="uploadFile()[pri:0, instance:com.provar.test.AccountTestLT@7c29daf3]" name="uploadFile" duration-ms="28040" started-at="2017-10-29T14:18:45Z" depends-on-methods="com.provar.test.AccountTestLT.createAccount" finished-at="2017-10-29T14:19:14Z">
          <reporter-output>
          </reporter-output>
        </test-method> <!-- uploadFile -->
        <test-method status="PASS" signature="close_browser()[pri:0, instance:com.provar.test.AccountTestLT@7c29daf3]" name="close_browser" is-config="true" duration-ms="699" started-at="2017-10-29T14:19:14Z" finished-at="2017-10-29T14:19:14Z">
          <reporter-output>
          </reporter-output>
        </test-method> <!-- close_browser -->
      </class> <!-- com.provar.test.AccountTestLT -->
    </test> <!-- Test -->
  </suite> <!-- Suite -->
</testng-results>
